0 info it worked if it ends with ok
1 verbose cli [ 'C:\\Program Files\\nodejs\\node.exe',
1 verbose cli   'C:\\Program Files\\nodejs\\node_modules\\npm\\bin\\npm-cli.js',
1 verbose cli   'run',
1 verbose cli   'start' ]
2 info using npm@3.10.10
3 info using node@v6.11.4
4 verbose run-script [ 'prestart', 'start', 'poststart' ]
5 info lifecycle fin-admin@1.0.0~prestart: fin-admin@1.0.0
6 silly lifecycle fin-admin@1.0.0~prestart: no script for prestart, continuing
7 info lifecycle fin-admin@1.0.0~start: fin-admin@1.0.0
8 verbose lifecycle fin-admin@1.0.0~start: unsafe-perm in lifecycle true
9 verbose lifecycle fin-admin@1.0.0~start: PATH: C:\Program Files\nodejs\node_modules\npm\bin\node-gyp-bin;C:\Users\Tamara\Desktop\app\node_modules\.bin;C:\Python27\;C:\Python27\Scripts;C:\WINDOWS\system32;C:\WINDOWS;C:\WINDOWS\System32\Wbem;C:\WINDOWS\System32\WindowsPowerShell\v1.0\;C:\Program Files (x86)\Skype\Phone\;C:\Program Files\Git\cmd;C:\Program Files (x86)\Google\Cloud SDK\google-cloud-sdk\platform\google_appengine;C:\Program Files\nodejs\;C:\Users\Tamara\AppData\Local\Microsoft\WindowsApps;c:\python27;c:\python27\bin;C:\Program Files (x86)\Google\Cloud SDK\google-cloud-sdk\platform\google_appengine;C:\Python27\Scripts;C:\Users\Tamara\AppData\Roaming\npm;
10 verbose lifecycle fin-admin@1.0.0~start: CWD: C:\Users\Tamara\Desktop\app
11 silly lifecycle fin-admin@1.0.0~start: Args: [ '/d /s /c',
11 silly lifecycle   'webpack-dev-server --progress --colors --inline --content-base build' ]
12 silly lifecycle fin-admin@1.0.0~start: Returned: code: 3221225786  signal: null
13 info lifecycle fin-admin@1.0.0~start: Failed to exec start script
14 verbose stack Error: fin-admin@1.0.0 start: `webpack-dev-server --progress --colors --inline --content-base build`
14 verbose stack Exit status 3221225786
14 verbose stack     at EventEmitter.<anonymous> (C:\Program Files\nodejs\node_modules\npm\lib\utils\lifecycle.js:255:16)
14 verbose stack     at emitTwo (events.js:106:13)
14 verbose stack     at EventEmitter.emit (events.js:191:7)
14 verbose stack     at ChildProcess.<anonymous> (C:\Program Files\nodejs\node_modules\npm\lib\utils\spawn.js:40:14)
14 verbose stack     at emitTwo (events.js:106:13)
14 verbose stack     at ChildProcess.emit (events.js:191:7)
14 verbose stack     at maybeClose (internal/child_process.js:920:16)
14 verbose stack     at Process.ChildProcess._handle.onexit (internal/child_process.js:230:5)
15 verbose pkgid fin-admin@1.0.0
16 verbose cwd C:\Users\Tamara\Desktop\app
17 error Windows_NT 10.0.16299
18 error argv "C:\\Program Files\\nodejs\\node.exe" "C:\\Program Files\\nodejs\\node_modules\\npm\\bin\\npm-cli.js" "run" "start"
19 error node v6.11.4
20 error npm  v3.10.10
21 error code ELIFECYCLE
22 error fin-admin@1.0.0 start: `webpack-dev-server --progress --colors --inline --content-base build`
22 error Exit status 3221225786
23 error Failed at the fin-admin@1.0.0 start script 'webpack-dev-server --progress --colors --inline --content-base build'.
23 error Make sure you have the latest version of node.js and npm installed.
23 error If you do, this is most likely a problem with the fin-admin package,
23 error not with npm itself.
23 error Tell the author that this fails on your system:
23 error     webpack-dev-server --progress --colors --inline --content-base build
23 error You can get information on how to open an issue for this project with:
23 error     npm bugs fin-admin
23 error Or if that isn't available, you can get their info via:
23 error     npm owner ls fin-admin
23 error There is likely additional logging output above.
24 verbose exit [ 1, true ]
